=== Checking if Task is already registered in SCDF: hpf-batch-sample ===
Information about task application 'hpf-batch-sample':
Version: '1.0-snapshot':
Default application version: 'true':
Resource URI: file:///scdf/lib/scdf/hpf/batch/hpf-batch-sample/1.0-snapshot/hpf-batch-sample-1.0-snapshot.jar
Boot version: 2:
?????????????????????????????????????????????????????????????????????????????????????????????????????????????????????????????
?         Option Name          ¦¢         Description          ¦¢           Default            ¦¢             Type             ?
?????????????????????????????????????????????????????????????????????????????????????????????????????????????????????????????

Task is already registered. Skipping registration.
=== Checking if Task is already registered in SCDF: hpf-batch-download ===
Information about task application 'hpf-batch-download':
Version: '1.0-snapshot':
Default application version: 'true':
Resource URI: file:///scdf/lib/scdf/hpf/batch/hpf-batch-download/1.0-snapshot/hpf-batch-download-1.0-snapshot.jar
Boot version: 2:
?????????????????????????????????????????????????????????????????????????????????????????????????????????????????????????????
?         Option Name          ¦¢         Description          ¦¢           Default            ¦¢             Type             ?
?????????????????????????????????????????????????????????????????????????????????????????????????????????????????????????????

Task is already registered. Skipping registration.
=== Checking if Task is already registered in SCDF: hpf-batch-upldMng ===
Information about task application 'hpf-batch-upldMng':
Version: '1.0-snapshot':
Default application version: 'true':
Resource URI: file:///scdf/lib/scdf/hpf/batch/hpf-batch-upldMng/1.0-snapshot/hpf-batch-upldMng-1.0-snapshot.jar
Boot version: 2:
?????????????????????????????????????????????????????????????????????????????????????????????????????????????????????????????
?         Option Name          ¦¢         Description          ¦¢           Default            ¦¢             Type             ?
?????????????????????????????????????????????????????????????????????????????????????????????????????????????????????????????

Task is already registered. Skipping registration.
=== Checking if Task is already registered in SCDF: hpf-batch-dbToFile ===
Information about task application 'hpf-batch-dbToFile':
Version: '1.0-snapshot':
Default application version: 'true':
Resource URI: file:///scdf/lib/scdf/hpf/batch/hpf-batch-dbToFile/1.0-snapshot/hpf-batch-dbToFile-1.0-snapshot.jar
Boot version: 2:
?????????????????????????????????????????????????????????????????????????????????????????????????????????????????????????????
?         Option Name          ¦¢         Description          ¦¢           Default            ¦¢             Type             ?
?????????????????????????????????????????????????????????????????????????????????????????????????????????????????????????????

Task is already registered. Skipping registration.
=== Checking if Task is already registered in SCDF: hpf-batch-mview ===
Information about task application 'hpf-batch-mview':
Version: '1.0-snapshot':
Default application version: 'true':
Resource URI: file:///scdf/lib/scdf/hpf/batch/hpf-batch-mview/1.0-snapshot/hpf-batch-mview-1.0-snapshot.jar
Boot version: 2:
?????????????????????????????????????????????????????????????????????????????????????????????????????????????????????????????
?         Option Name          ¦¢         Description          ¦¢           Default            ¦¢             Type             ?
?????????????????????????????????????????????????????????????????????????????????????????????????????????????????????????????

Task is already registered. Skipping registration.
=== Checking if Task is already registered in SCDF: hpf-batch-prodWork ===
Information about task application 'hpf-batch-prodWork':
Version: '1.0-snapshot':
Default application version: 'true':
Resource URI: file:///scdf/lib/scdf/hpf/batch/hpf-batch-prodWork/1.0-snapshot/hpf-batch-prodWork-1.0-snapshot.jar
Boot version: 2:
?????????????????????????????????????????????????????????????????????????????????????????????????????????????????????????????
?         Option Name          ¦¢         Description          ¦¢           Default            ¦¢             Type             ?
?????????????????????????????????????????????????????????????????????????????????????????????????????????????????????????????

Task is already registered. Skipping registration.
=== Checking if Task is already registered in SCDF: hpf-batch-pvUpload ===
Information about task application 'hpf-batch-pvUpload':
Version: '1.0-snapshot':
Default application version: 'true':
Resource URI: file:///scdf/lib/scdf/hpf/batch/hpf-batch-pvUpload/1.0-snapshot/hpf-batch-pvUpload-1.0-snapshot.jar
Boot version: 2:
?????????????????????????????????????????????????????????????????????????????????????????????????????????????????????????????
?         Option Name          ¦¢         Description          ¦¢           Default            ¦¢             Type             ?
?????????????????????????????????????????????????????????????????????????????????????????????????????????????????????????????

Task is already registered. Skipping registration.
=== Checking if Task is already registered in SCDF: hpf-batch-refreshItfc ===
Information about task application 'hpf-batch-refreshItfc':
Version: '1.0-snapshot':
Default application version: 'true':
Resource URI: file:///scdf/lib/scdf/hpf/batch/hpf-batch-refreshItfc/1.0-snapshot/hpf-batch-refreshItfc-1.0-snapshot.jar
Boot version: 2:
?????????????????????????????????????????????????????????????????????????????????????????????????????????????????????????????
?         Option Name          ¦¢         Description          ¦¢           Default            ¦¢             Type             ?
?????????????????????????????????????????????????????????????????????????????????????????????????????????????????????????????

Task is already registered. Skipping registration.
=== Checking if Task is already registered in SCDF: hpf-batch-vrfcSnro ===
Information about task application 'hpf-batch-vrfcSnro':
Version: '1.0-snapshot':
Default application version: 'true':
Resource URI: file:///scdf/lib/scdf/hpf/batch/hpf-batch-vrfcSnro/1.0-snapshot/hpf-batch-vrfcSnro-1.0-snapshot.jar
Boot version: 2:
?????????????????????????????????????????????????????????????????????????????????????????????????????????????????????????????
?         Option Name          ¦¢         Description          ¦¢           Default            ¦¢             Type             ?
?????????????????????????????????????????????????????????????????????????????????????????????????????????????????????????????

Task is already registered. Skipping registration.
=== Checking if Task is already registered in SCDF: hpf-batch-deploy ===
Information about task application 'hpf-batch-deploy':
Version: '1.0-snapshot':
Default application version: 'true':
Resource URI: file:///scdf/lib/scdf/hpf/batch/hpf-batch-deploy/1.0-snapshot/hpf-batch-deploy-1.0-snapshot.jar
Boot version: 2:
?????????????????????????????????????????????????????????????????????????????????????????????????????????????????????????????
?         Option Name          ¦¢         Description          ¦¢           Default            ¦¢             Type             ?
?????????????????????????????????????????????????????????????????????????????????????????????????????????????????????????????

Task is already registered. Skipping registration.
